2022-03-28 00:23:50,076 INFO  StartupInfoLogger:55 - [] Starting DashboardApplication using Java 17.0.2 on DESKTOP-3EIQS84 with PID 10800 (D:\GitRepo\dashboard\target\classes started by Admin in D:\GitRepo\dashboard)
2022-03-28 00:23:50,156 DEBUG StartupInfoLogger:56 - [] Running with Spring Boot v2.6.3, Spring v5.3.15
2022-03-28 00:23:50,160 INFO  SpringApplication:637 - [] No active profile set, falling back to default profiles: default
2022-03-28 00:24:24,161 INFO  StartupInfoLogger:61 - [] Started DashboardApplication in 36.652 seconds (JVM running for 3801.009)
2022-03-28 01:06:36,867 INFO  StartupInfoLogger:55 - [] Starting DashboardApplication using Java 17.0.2 on DESKTOP-3EIQS84 with PID 10800 (D:\GitRepo\dashboard\target\classes started by Admin in D:\GitRepo\dashboard)
2022-03-28 01:06:36,912 DEBUG StartupInfoLogger:56 - [] Running with Spring Boot v2.6.3, Spring v5.3.15
2022-03-28 01:06:36,938 INFO  SpringApplication:637 - [] No active profile set, falling back to default profiles: default
2022-03-28 01:07:01,514 INFO  StartupInfoLogger:61 - [] Started DashboardApplication in 26.796 seconds (JVM running for 6358.361)
2022-03-28 01:12:15,918 INFO  StartupInfoLogger:55 - [] Starting DashboardApplication using Java 17.0.2 on DESKTOP-3EIQS84 with PID 10800 (D:\GitRepo\dashboard\target\classes started by Admin in D:\GitRepo\dashboard)
2022-03-28 01:12:16,459 DEBUG StartupInfoLogger:56 - [] Running with Spring Boot v2.6.3, Spring v5.3.15
2022-03-28 01:12:16,819 INFO  SpringApplication:637 - [] No active profile set, falling back to default profiles: default
2022-03-28 01:18:32,923 INFO  StartupInfoLogger:55 - [] Starting DashboardApplication using Java 17.0.2 on DESKTOP-3EIQS84 with PID 796 (D:\GitRepo\dashboard\target\classes started by Admin in D:\GitRepo\dashboard)
2022-03-28 01:18:33,163 DEBUG StartupInfoLogger:56 - [] Running with Spring Boot v2.6.3, Spring v5.3.15
2022-03-28 01:18:33,220 INFO  SpringApplication:637 - [] No active profile set, falling back to default profiles: default
2022-03-28 01:22:28,240 INFO  StartupInfoLogger:55 - [] Starting DashboardApplication using Java 17.0.2 on DESKTOP-3EIQS84 with PID 14840 (D:\GitRepo\dashboard\target\classes started by Admin in D:\GitRepo\dashboard)
2022-03-28 01:22:28,297 DEBUG StartupInfoLogger:56 - [] Running with Spring Boot v2.6.3, Spring v5.3.15
2022-03-28 01:22:28,346 INFO  SpringApplication:637 - [] No active profile set, falling back to default profiles: default
2022-03-28 01:23:37,247 INFO  StartupInfoLogger:61 - [] Started DashboardApplication in 73.053 seconds (JVM running for 78.164)
2022-03-28 01:24:44,481 INFO  UserController:19 - [] Admin try to login into the system
2022-03-28 01:25:09,538 INFO  UserController:19 - [] Admin try to login into the system
2022-03-28 01:25:15,953 INFO  UserController:19 - [] Admin try to login into the system
2022-03-28 01:25:19,088 INFO  UserController:19 - [] Admin try to login into the system
2022-03-28 01:25:44,502 INFO  UserController:39 - [] Admin is into the system
2022-03-28 01:26:23,219 INFO  LoggingService:18 - [] Admin viewing student information
2022-03-28 01:27:11,522 INFO  LoggingService:18 - [] Admin viewing student information
2022-03-28 01:30:06,509 INFO  LoggingService:18 - [] Admin viewing student information
2022-03-28 01:31:50,421 INFO  LoggingService:18 - [] Admin viewing student information
2022-03-28 01:35:17,488 INFO  StartupInfoLogger:55 - [] Starting DashboardApplication using Java 17.0.2 on DESKTOP-3EIQS84 with PID 10768 (D:\GitRepo\dashboard\target\classes started by Admin in D:\GitRepo\dashboard)
2022-03-28 01:35:17,508 DEBUG StartupInfoLogger:56 - [] Running with Spring Boot v2.6.3, Spring v5.3.15
2022-03-28 01:35:17,517 INFO  SpringApplication:637 - [] No active profile set, falling back to default profiles: default
2022-03-28 01:36:25,967 INFO  StartupInfoLogger:61 - [] Started DashboardApplication in 73.157 seconds (JVM running for 78.915)
2022-03-28 01:37:14,482 INFO  LoggingService:18 - [] Admin viewing student information
2022-03-28 01:41:52,775 INFO  LoggingService:18 - [] Admin viewing student information
2022-03-28 01:43:38,342 INFO  LoggingService:18 - [] Admin viewing student information
2022-03-28 01:46:06,221 INFO  LoggingService:18 - [] Admin viewing student information
2022-03-28 01:48:35,961 INFO  LoggingService:18 - [] Admin viewing student information
2022-03-28 01:54:33,025 INFO  LoggingService:18 - [] Admin viewing student information
2022-03-28 02:00:10,559 INFO  StartupInfoLogger:55 - [] Starting DashboardApplication using Java 17.0.2 on DESKTOP-3EIQS84 with PID 4548 (D:\GitRepo\dashboard\target\classes started by Admin in D:\GitRepo\dashboard)
2022-03-28 02:00:10,635 DEBUG StartupInfoLogger:56 - [] Running with Spring Boot v2.6.3, Spring v5.3.15
2022-03-28 02:00:10,655 INFO  SpringApplication:637 - [] No active profile set, falling back to default profiles: default
2022-03-28 02:01:27,876 INFO  StartupInfoLogger:61 - [] Started DashboardApplication in 81.096 seconds (JVM running for 85.802)
2022-03-28 02:02:51,836 INFO  LoggingService:18 - [] Admin viewing student information
2022-03-28 02:03:38,809 INFO  LoggingService:18 - [] Admin viewing student information
2022-03-28 04:12:32,012 INFO  UserController:19 - [] Admin try to login into the system
2022-03-28 05:24:12,188 INFO  UserController:19 - [] Admin try to login into the system
2022-03-28 05:25:14,226 INFO  UserController:39 - [] Admin is into the system
2022-03-28 05:27:31,964 INFO  LoggingService:18 - [] Admin viewing student information
2022-03-28 05:44:05,745 INFO  StartupInfoLogger:55 - [] Starting DashboardApplication using Java 17.0.2 on DESKTOP-3EIQS84 with PID 13704 (D:\GitRepo\dashboard\target\classes started by Admin in D:\GitRepo\dashboard)
2022-03-28 05:44:05,969 DEBUG StartupInfoLogger:56 - [] Running with Spring Boot v2.6.3, Spring v5.3.15
2022-03-28 05:44:06,134 INFO  SpringApplication:637 - [] No active profile set, falling back to default profiles: default
2022-03-28 05:45:47,727 INFO  StartupInfoLogger:61 - [] Started DashboardApplication in 106.363 seconds (JVM running for 114.626)
2022-03-28 05:48:21,030 INFO  LoggingService:18 - [] Admin viewing student information
2022-03-28 05:55:13,826 INFO  StartupInfoLogger:55 - [] Starting DashboardApplication using Java 17.0.2 on DESKTOP-3EIQS84 with PID 18344 (D:\GitRepo\dashboard\target\classes started by Admin in D:\GitRepo\dashboard)
2022-03-28 05:55:13,981 DEBUG StartupInfoLogger:56 - [] Running with Spring Boot v2.6.3, Spring v5.3.15
2022-03-28 05:55:13,984 INFO  SpringApplication:637 - [] No active profile set, falling back to default profiles: default
2022-03-28 05:58:51,339 INFO  StartupInfoLogger:55 - [] Starting DashboardApplication using Java 17.0.2 on DESKTOP-3EIQS84 with PID 13876 (D:\GitRepo\dashboard\target\classes started by Admin in D:\GitRepo\dashboard)
2022-03-28 05:58:51,406 DEBUG StartupInfoLogger:56 - [] Running with Spring Boot v2.6.3, Spring v5.3.15
2022-03-28 05:58:51,505 INFO  SpringApplication:637 - [] No active profile set, falling back to default profiles: default
2022-03-28 06:00:07,424 INFO  StartupInfoLogger:61 - [] Started DashboardApplication in 80.642 seconds (JVM running for 85.965)
2022-03-28 06:07:20,594 INFO  LoggingService:18 - [] Admin viewing student information
2022-03-28 06:20:43,139 INFO  StartupInfoLogger:55 - [] Starting DashboardApplication using Java 17.0.2 on DESKTOP-3EIQS84 with PID 776 (D:\GitRepo\dashboard\target\classes started by Admin in D:\GitRepo\dashboard)
2022-03-28 06:20:43,266 DEBUG StartupInfoLogger:56 - [] Running with Spring Boot v2.6.3, Spring v5.3.15
2022-03-28 06:20:43,273 INFO  SpringApplication:637 - [] No active profile set, falling back to default profiles: default
2022-03-28 06:21:49,999 INFO  StartupInfoLogger:61 - [] Started DashboardApplication in 70.809 seconds (JVM running for 75.423)
2022-03-28 06:24:40,812 INFO  LoggingService:18 - [] Admin viewing student information
2022-03-28 06:29:33,371 INFO  LoggingService:18 - [] Admin viewing student information
2022-03-28 06:33:10,639 INFO  LoggingService:18 - [] Admin viewing student information
2022-03-28 06:39:40,216 INFO  LoggingService:18 - [] Admin viewing student information
2022-03-28 06:42:01,767 INFO  LoggingService:18 - [] Admin viewing student information
2022-03-28 06:43:02,610 INFO  StartupInfoLogger:55 - [] Starting DashboardApplication using Java 17.0.2 on DESKTOP-3EIQS84 with PID 776 (D:\GitRepo\dashboard\target\classes started by Admin in D:\GitRepo\dashboard)
2022-03-28 06:43:02,880 DEBUG StartupInfoLogger:56 - [] Running with Spring Boot v2.6.3, Spring v5.3.15
2022-03-28 06:43:03,141 INFO  SpringApplication:637 - [] No active profile set, falling back to default profiles: default
2022-03-28 06:43:28,014 INFO  StartupInfoLogger:61 - [] Started DashboardApplication in 29.341 seconds (JVM running for 1373.436)
2022-03-28 06:43:35,351 INFO  LoggingService:18 - [] Admin viewing student information
2022-03-28 06:46:10,087 INFO  LoggingService:18 - [] Admin viewing student information
2022-03-28 06:53:41,367 INFO  LoggingService:18 - [] Admin viewing student information
2022-03-28 07:04:32,461 INFO  StartupInfoLogger:55 - [] Starting DashboardApplication using Java 17.0.2 on DESKTOP-3EIQS84 with PID 776 (D:\GitRepo\dashboard\target\classes started by Admin in D:\GitRepo\dashboard)
2022-03-28 07:04:32,487 DEBUG StartupInfoLogger:56 - [] Running with Spring Boot v2.6.3, Spring v5.3.15
2022-03-28 07:04:32,489 INFO  SpringApplication:637 - [] No active profile set, falling back to default profiles: default
2022-03-28 07:05:00,842 INFO  StartupInfoLogger:61 - [] Started DashboardApplication in 29.932 seconds (JVM running for 2666.265)
