2022-03-14 00:06:51,514 INFO  StartupInfoLogger:55 - [] Starting DashboardApplication using Java 17.0.2 on DESKTOP-3EIQS84 with PID 19284 (D:\GitRepo\dashboard\target\classes started by Admin in D:\GitRepo\dashboard)
2022-03-14 00:06:51,868 DEBUG StartupInfoLogger:56 - [] Running with Spring Boot v2.6.3, Spring v5.3.15
2022-03-14 00:06:51,944 INFO  SpringApplication:637 - [] No active profile set, falling back to default profiles: default
2022-03-14 00:07:14,642 INFO  StartupInfoLogger:61 - [] Started DashboardApplication in 26.557 seconds (JVM running for 3414.854)
2022-03-14 06:08:06,260 INFO  StartupInfoLogger:55 - [] Starting DashboardApplication using Java 17.0.2 on DESKTOP-3EIQS84 with PID 25748 (D:\GitRepo\dashboard\target\classes started by Admin in D:\GitRepo\dashboard)
2022-03-14 06:08:06,324 DEBUG StartupInfoLogger:56 - [] Running with Spring Boot v2.6.3, Spring v5.3.15
2022-03-14 06:08:06,333 INFO  SpringApplication:637 - [] No active profile set, falling back to default profiles: default
2022-03-14 06:09:01,407 INFO  StartupInfoLogger:61 - [] Started DashboardApplication in 59.46 seconds (JVM running for 73.314)
2022-03-14 06:10:40,745 INFO  UserController:20 - [] Admin try to login into the system
2022-03-14 06:11:31,223 INFO  UserController:40 - [] Admin is into the system
2022-03-14 06:11:32,479 INFO  LoggingService:18 - [] Admin viewing student information
2022-03-14 06:21:28,282 INFO  StartupInfoLogger:55 - [] Starting DashboardApplication using Java 17.0.2 on DESKTOP-3EIQS84 with PID 25748 (D:\GitRepo\dashboard\target\classes started by Admin in D:\GitRepo\dashboard)
2022-03-14 06:21:28,643 DEBUG StartupInfoLogger:56 - [] Running with Spring Boot v2.6.3, Spring v5.3.15
2022-03-14 06:21:28,928 INFO  SpringApplication:637 - [] No active profile set, falling back to default profiles: default
2022-03-14 06:22:00,908 INFO  StartupInfoLogger:61 - [] Started DashboardApplication in 35.202 seconds (JVM running for 852.815)
2022-03-14 06:22:04,695 INFO  StartupInfoLogger:55 - [] Starting DashboardApplication using Java 17.0.2 on DESKTOP-3EIQS84 with PID 25748 (D:\GitRepo\dashboard\target\classes started by Admin in D:\GitRepo\dashboard)
2022-03-14 06:22:04,801 DEBUG StartupInfoLogger:56 - [] Running with Spring Boot v2.6.3, Spring v5.3.15
2022-03-14 06:22:04,835 INFO  SpringApplication:637 - [] No active profile set, falling back to default profiles: default
2022-03-14 06:22:16,339 INFO  StartupInfoLogger:61 - [] Started DashboardApplication in 13.257 seconds (JVM running for 868.246)
2022-03-14 06:47:27,896 INFO  LoggingService:18 - [] Admin viewed courses
2022-03-14 06:47:37,407 INFO  LoggingService:18 - [] Admin accessed course form page
2022-03-14 06:53:28,992 INFO  StartupInfoLogger:55 - [] Starting DashboardApplication using Java 17.0.2 on DESKTOP-3EIQS84 with PID 25748 (D:\GitRepo\dashboard\target\classes started by Admin in D:\GitRepo\dashboard)
2022-03-14 06:53:29,052 DEBUG StartupInfoLogger:56 - [] Running with Spring Boot v2.6.3, Spring v5.3.15
2022-03-14 06:53:29,062 INFO  SpringApplication:637 - [] No active profile set, falling back to default profiles: default
2022-03-14 06:53:51,263 INFO  StartupInfoLogger:61 - [] Started DashboardApplication in 24.238 seconds (JVM running for 2763.17)
2022-03-14 06:54:32,298 INFO  LoggingService:18 - [] Admin accessed course form page
2022-03-14 06:54:48,379 INFO  LoggingService:18 - [] Admin created a new course
2022-03-14 06:54:48,757 INFO  LoggingService:18 - [] Admin viewed courses
2022-03-14 07:04:40,112 INFO  StartupInfoLogger:55 - [] Starting DashboardApplication using Java 17.0.2 on DESKTOP-3EIQS84 with PID 25748 (D:\GitRepo\dashboard\target\classes started by Admin in D:\GitRepo\dashboard)
2022-03-14 07:04:40,161 DEBUG StartupInfoLogger:56 - [] Running with Spring Boot v2.6.3, Spring v5.3.15
2022-03-14 07:04:40,176 INFO  SpringApplication:637 - [] No active profile set, falling back to default profiles: default
2022-03-14 07:04:59,226 INFO  StartupInfoLogger:61 - [] Started DashboardApplication in 22.487 seconds (JVM running for 3431.132)
2022-03-14 07:07:57,310 INFO  StartupInfoLogger:55 - [] Starting DashboardApplication using Java 17.0.2 on DESKTOP-3EIQS84 with PID 25748 (D:\GitRepo\dashboard\target\classes started by Admin in D:\GitRepo\dashboard)
2022-03-14 07:07:57,381 DEBUG StartupInfoLogger:56 - [] Running with Spring Boot v2.6.3, Spring v5.3.15
2022-03-14 07:07:57,385 INFO  SpringApplication:637 - [] No active profile set, falling back to default profiles: default
2022-03-14 07:08:18,416 INFO  StartupInfoLogger:61 - [] Started DashboardApplication in 22.851 seconds (JVM running for 3630.323)
2022-03-14 23:57:25,781 INFO  StartupInfoLogger:55 - [] Starting DashboardApplication using Java 17.0.2 on DESKTOP-3EIQS84 with PID 12264 (D:\GitRepo\dashboard\target\classes started by Admin in D:\GitRepo\dashboard)
2022-03-14 23:57:25,981 DEBUG StartupInfoLogger:56 - [] Running with Spring Boot v2.6.3, Spring v5.3.15
2022-03-14 23:57:26,250 INFO  SpringApplication:637 - [] No active profile set, falling back to default profiles: default
2022-03-14 23:58:55,693 INFO  StartupInfoLogger:61 - [] Started DashboardApplication in 95.88 seconds (JVM running for 106.792)
2022-03-14 23:59:29,874 INFO  UserController:20 - [] Admin try to login into the system
2022-03-14 23:59:32,004 INFO  UserController:20 - [] Admin try to login into the system
2022-03-14 23:59:45,760 INFO  UserController:20 - [] Admin try to login into the system
