2022-03-25 00:04:01,523 INFO  LoggingService:18 - [] Admin viewing student information
2022-03-25 00:05:11,677 INFO  LoggingService:18 - [] Admin viewing student information
2022-03-25 00:05:27,288 INFO  LoggingService:18 - [] Admin viewing student information
2022-03-25 01:05:06,900 INFO  UserController:19 - [] Admin try to login into the system
2022-03-25 01:05:32,169 INFO  UserController:39 - [] Admin is into the system
2022-03-25 01:16:34,327 INFO  LoggingService:18 - [] Admin viewing student information
2022-03-25 01:20:14,159 INFO  LoggingService:18 - [] Admin viewing student information
2022-03-25 01:38:34,269 INFO  LoggingService:18 - [] Admin viewing student information
2022-03-25 01:43:05,892 INFO  LoggingService:18 - [] Admin viewing student information
2022-03-25 01:43:29,053 INFO  LoggingService:18 - [] Admin viewing student information
2022-03-25 01:52:30,382 INFO  LoggingService:18 - [] Admin viewing student information
2022-03-25 01:53:26,454 INFO  LoggingService:18 - [] Admin viewing student information
2022-03-25 01:53:46,263 INFO  LoggingService:18 - [] Admin viewing student information
2022-03-25 02:05:47,426 INFO  StartupInfoLogger:55 - [] Starting DashboardApplication using Java 17.0.2 on DESKTOP-3EIQS84 with PID 14996 (D:\GitRepo\dashboard\target\classes started by Admin in D:\GitRepo\dashboard)
2022-03-25 02:05:47,457 DEBUG StartupInfoLogger:56 - [] Running with Spring Boot v2.6.3, Spring v5.3.15
2022-03-25 02:05:47,702 INFO  SpringApplication:637 - [] No active profile set, falling back to default profiles: default
2022-03-25 02:19:14,994 INFO  StartupInfoLogger:55 - [] Starting DashboardApplication using Java 17.0.2 on DESKTOP-3EIQS84 with PID 3528 (D:\GitRepo\dashboard\target\classes started by Admin in D:\GitRepo\dashboard)
2022-03-25 02:19:15,193 DEBUG StartupInfoLogger:56 - [] Running with Spring Boot v2.6.3, Spring v5.3.15
2022-03-25 02:19:15,215 INFO  SpringApplication:637 - [] No active profile set, falling back to default profiles: default
2022-03-25 02:20:48,444 INFO  StartupInfoLogger:61 - [] Started DashboardApplication in 100.992 seconds (JVM running for 108.713)
2022-03-25 02:22:54,251 INFO  LoggingService:18 - [] Admin viewing student information
2022-03-25 02:42:15,601 INFO  StartupInfoLogger:55 - [] Starting DashboardApplication using Java 17.0.2 on DESKTOP-3EIQS84 with PID 3528 (D:\GitRepo\dashboard\target\classes started by Admin in D:\GitRepo\dashboard)
2022-03-25 02:42:15,718 DEBUG StartupInfoLogger:56 - [] Running with Spring Boot v2.6.3, Spring v5.3.15
2022-03-25 02:42:15,810 INFO  SpringApplication:637 - [] No active profile set, falling back to default profiles: default
2022-03-25 02:42:34,987 INFO  StartupInfoLogger:61 - [] Started DashboardApplication in 21.918 seconds (JVM running for 1415.256)
2022-03-25 03:00:47,410 INFO  LoggingService:18 - [] Admin viewing student information
2022-03-25 03:00:54,378 INFO  LoggingService:18 - [] Admin viewing student information
2022-03-25 03:01:15,958 INFO  LoggingService:18 - [] Admin viewing student information
2022-03-25 03:03:50,797 INFO  LoggingService:18 - [] Admin viewing student information
2022-03-25 03:04:06,340 INFO  LoggingService:18 - [] Admin viewing student information
2022-03-25 03:09:03,599 INFO  LoggingService:18 - [] Admin viewing student information
2022-03-25 03:10:03,025 INFO  LoggingService:18 - [] Admin viewing student information
2022-03-25 03:14:47,865 INFO  StartupInfoLogger:55 - [] Starting DashboardApplication using Java 17.0.2 on DESKTOP-3EIQS84 with PID 3528 (D:\GitRepo\dashboard\target\classes started by Admin in D:\GitRepo\dashboard)
2022-03-25 03:14:47,930 DEBUG StartupInfoLogger:56 - [] Running with Spring Boot v2.6.3, Spring v5.3.15
2022-03-25 03:14:48,030 INFO  SpringApplication:637 - [] No active profile set, falling back to default profiles: default
2022-03-25 03:15:07,494 INFO  StartupInfoLogger:61 - [] Started DashboardApplication in 20.163 seconds (JVM running for 3367.764)
2022-03-25 03:19:55,341 INFO  LoggingService:18 - [] Admin viewing student information
2022-03-25 03:20:00,411 INFO  LoggingService:18 - [] Admin viewed courses
2022-03-25 03:22:07,549 INFO  LoggingService:18 - [] Admin viewed courses
2022-03-25 04:16:42,187 INFO  StartupInfoLogger:55 - [] Starting DashboardApplication using Java 17.0.2 on DESKTOP-3EIQS84 with PID 3528 (D:\GitRepo\dashboard\target\classes started by Admin in D:\GitRepo\dashboard)
2022-03-25 04:16:42,201 DEBUG StartupInfoLogger:56 - [] Running with Spring Boot v2.6.3, Spring v5.3.15
2022-03-25 04:16:42,205 INFO  SpringApplication:637 - [] No active profile set, falling back to default profiles: default
2022-03-25 04:17:01,649 INFO  StartupInfoLogger:61 - [] Started DashboardApplication in 20.353 seconds (JVM running for 7081.919)
2022-03-25 05:53:41,010 INFO  UserController:19 - [] Admin try to login into the system
2022-03-25 05:56:28,703 INFO  UserController:39 - [] Admin is into the system
2022-03-25 06:49:04,817 INFO  StartupInfoLogger:55 - [] Starting DashboardApplication using Java 17.0.2 on DESKTOP-3EIQS84 with PID 4828 (D:\GitRepo\dashboard\target\classes started by Admin in D:\GitRepo\dashboard)
2022-03-25 06:49:04,899 DEBUG StartupInfoLogger:56 - [] Running with Spring Boot v2.6.3, Spring v5.3.15
2022-03-25 06:49:04,906 INFO  SpringApplication:637 - [] No active profile set, falling back to default profiles: default
2022-03-25 06:50:19,149 INFO  StartupInfoLogger:61 - [] Started DashboardApplication in 78.309 seconds (JVM running for 82.667)
2022-03-25 06:50:47,472 INFO  UserController:19 - [] Admin try to login into the system
2022-03-25 06:50:57,025 INFO  UserController:19 - [] Admin try to login into the system
2022-03-25 06:51:22,178 INFO  UserController:39 - [] Admin is into the system
2022-03-25 07:22:19,804 INFO  LoggingService:18 - [] Admin viewed courses
2022-03-25 07:23:04,467 INFO  LoggingService:18 - [] Admin viewing student information
2022-03-25 09:04:04,464 INFO  UserController:19 - [] Admin try to login into the system
2022-03-25 09:04:31,297 INFO  UserController:39 - [] Admin is into the system
2022-03-25 09:04:39,769 INFO  LoggingService:18 - [] Admin viewing student information
