2022-03-12 04:40:09,691 INFO  UserController:20 - [] Admin try to login into the system
2022-03-12 04:40:47,366 INFO  UserController:20 - [] Admin try to login into the system
2022-03-12 04:41:04,420 INFO  UserController:40 - [] Admin is into the system
2022-03-12 04:41:04,494 INFO  LoggingService:18 - [] Admin viewing student information
2022-03-12 04:54:51,048 INFO  LoggingService:18 - [] Admin viewing student information
2022-03-12 08:11:04,047 INFO  StartupInfoLogger:55 - [] Starting DashboardApplication using Java 17.0.2 on DESKTOP-3EIQS84 with PID 21268 (D:\GitRepo\dashboard\target\classes started by Admin in D:\GitRepo\dashboard)
2022-03-12 08:11:04,362 DEBUG StartupInfoLogger:56 - [] Running with Spring Boot v2.6.3, Spring v5.3.15
2022-03-12 08:11:04,376 INFO  SpringApplication:637 - [] No active profile set, falling back to default profiles: default
2022-03-12 08:16:57,800 INFO  StartupInfoLogger:55 - [] Starting DashboardApplication using Java 17.0.2 on DESKTOP-3EIQS84 with PID 21420 (D:\GitRepo\dashboard\target\classes started by Admin in D:\GitRepo\dashboard)
2022-03-12 08:16:57,875 DEBUG StartupInfoLogger:56 - [] Running with Spring Boot v2.6.3, Spring v5.3.15
2022-03-12 08:16:57,889 INFO  SpringApplication:637 - [] No active profile set, falling back to default profiles: default
2022-03-12 08:19:58,371 INFO  StartupInfoLogger:61 - [] Started DashboardApplication in 196.348 seconds (JVM running for 226.269)
2022-03-12 08:21:50,758 INFO  UserController:20 - [] Admin try to login into the system
2022-03-12 08:25:07,031 INFO  UserController:40 - [] Admin is into the system
2022-03-12 08:25:07,488 INFO  LoggingService:18 - [] Admin viewing student information
2022-03-12 08:25:57,093 INFO  LoggingService:18 - [] Admin viewed courses
2022-03-12 08:33:28,333 INFO  StartupInfoLogger:55 - [] Starting DashboardApplication using Java 17.0.2 on DESKTOP-3EIQS84 with PID 21420 (D:\GitRepo\dashboard\target\classes started by Admin in D:\GitRepo\dashboard)
2022-03-12 08:33:28,410 DEBUG StartupInfoLogger:56 - [] Running with Spring Boot v2.6.3, Spring v5.3.15
2022-03-12 08:33:28,642 INFO  SpringApplication:637 - [] No active profile set, falling back to default profiles: default
2022-03-12 08:33:48,056 INFO  StartupInfoLogger:61 - [] Started DashboardApplication in 20.643 seconds (JVM running for 1055.954)
